  ▲ Next.js 14.2.28
  - Local:        http://localhost:3000
  - Environments: .env
  - Experiments (use with caution):
    · outputFileTracingRoot

 ✓ Starting...
 ✓ Ready in 1989ms
 ○ Compiling / ...
 ✓ Compiled / in 2.5s (527 modules)
 GET / 307 in 2966ms
 GET / 307 in 2974ms
 ✓ Compiled in 461ms (267 modules)
 ✓ Compiled /login in 294ms (536 modules)
 GET /login 200 in 294ms
 GET /login 200 in 452ms
 GET / 307 in 169ms
 GET / 307 in 150ms
 GET /login 200 in 33ms
 GET /login 200 in 31ms
 GET / 307 in 42ms
 GET / 307 in 39ms
 GET /login 200 in 33ms
 GET / 307 in 42ms
 GET / 307 in 32ms
 GET /login 200 in 31ms
 GET /login 200 in 30ms
 GET / 307 in 32ms
 GET /login 200 in 29ms
 GET / 307 in 43ms
 GET / 307 in 36ms
 GET /login 200 in 37ms
 GET /login 200 in 30ms
 GET / 307 in 32ms
 GET /login 200 in 30ms
 GET / 307 in 34ms
 GET /login 200 in 32ms
 GET / 307 in 33ms
 GET /login 200 in 29ms
 GET / 307 in 33ms
 GET /login 200 in 28ms
 GET / 307 in 38ms
 GET / 307 in 33ms
 GET /login 200 in 31ms
 GET /login 200 in 31ms
 GET / 307 in 35ms
 GET /login 200 in 30ms
 GET / 307 in 44ms
 GET / 307 in 42ms
 GET /login 200 in 40ms
 GET /login 200 in 40ms
 GET / 307 in 33ms
 GET /login 200 in 30ms
 GET / 307 in 37ms
 GET / 307 in 35ms
 GET /login 200 in 34ms
 GET /login 200 in 35ms
 GET / 307 in 34ms
 GET /login 200 in 33ms
 GET / 307 in 35ms
 GET / 307 in 34ms
 GET /login 200 in 33ms
 GET /login 200 in 33ms
 GET / 307 in 38ms
 GET /login 200 in 33ms
 GET / 307 in 33ms
 GET / 307 in 31ms
 GET /login 200 in 30ms
 GET /login 200 in 31ms
 GET / 307 in 34ms
 GET /login 200 in 28ms
 GET / 307 in 34ms
 GET / 307 in 32ms
 GET /login 200 in 29ms
 GET /login 200 in 29ms
 GET / 307 in 33ms
 GET /login 200 in 39ms
 GET / 307 in 34ms
 GET / 307 in 32ms
 GET /login 200 in 28ms
 GET /login 200 in 30ms
 GET / 307 in 32ms
 GET /login 200 in 31ms
 GET / 307 in 34ms
 GET / 307 in 36ms
 GET /login 200 in 30ms
 GET /login 200 in 30ms
 GET / 307 in 33ms
 GET /login 200 in 28ms
 GET / 307 in 39ms
 GET / 307 in 42ms
 GET /login 200 in 27ms
 GET /login 200 in 30ms
 GET / 307 in 30ms
 GET /login 200 in 29ms
 GET / 307 in 33ms
 GET / 307 in 33ms
 GET /login 200 in 28ms
 GET /login 200 in 30ms
 GET / 307 in 33ms
 GET /login 200 in 33ms
 GET / 307 in 37ms
 GET / 307 in 33ms
 GET /login 200 in 27ms
 GET /login 200 in 30ms
 GET / 307 in 36ms
 GET /login 200 in 30ms
 ✓ Compiled /_not-found in 371ms (539 modules)
 POST /api/deploy 404 in 453ms
 GET / 307 in 47ms
 GET / 307 in 32ms
 GET /login 200 in 35ms
 GET /login 200 in 29ms
 GET / 307 in 48ms
 GET /login 200 in 32ms
 ✓ Compiled /api/auth/login in 176ms (314 modules)
 POST /api/auth/login 200 in 715ms
 ○ Compiling /dashboard ...
 ✓ Compiled /dashboard in 553ms (781 modules)
 ✓ Compiled /api/dashboard/activity in 163ms (420 modules)
 ✓ Compiled (424 modules)
 GET /api/dashboard/activity 500 in 373ms
 GET /api/dashboard/stats 500 in 395ms
 GET /api/companies/with-questions 200 in 411ms
 GET /api/dashboard/activity 500 in 31ms
 GET /api/dashboard/stats 500 in 39ms
 GET /api/companies/with-questions 200 in 36ms
 GET / 307 in 81ms
 GET / 307 in 42ms
 GET /login 200 in 50ms
 GET /login 200 in 30ms
 GET / 307 in 34ms
 GET /login 200 in 34ms
 GET / 307 in 37ms
 GET / 307 in 33ms
 GET /login 200 in 29ms
 GET /login 200 in 31ms
 GET / 307 in 34ms
 GET /login 200 in 30ms
 GET / 307 in 35ms
 GET / 307 in 33ms
 GET /login 200 in 31ms
 GET /login 200 in 32ms
 GET / 307 in 34ms
 GET /login 200 in 34ms
 GET / 307 in 37ms
 GET / 307 in 33ms
 GET /login 200 in 31ms
 GET /login 200 in 32ms
 GET / 307 in 31ms
 GET /login 200 in 29ms
 GET / 307 in 35ms
 GET / 307 in 33ms
 GET /login 200 in 30ms
 GET /login 200 in 29ms
 GET / 307 in 33ms
 GET /login 200 in 30ms
 GET / 307 in 34ms
 GET / 307 in 30ms
 GET /login 200 in 30ms
 GET /login 200 in 27ms
 GET / 307 in 33ms
 GET /login 200 in 28ms
 GET / 307 in 29ms
 GET / 307 in 34ms
 GET /login 200 in 30ms
 GET /login 200 in 31ms
 GET / 307 in 32ms
 GET /login 200 in 30ms
 GET / 307 in 36ms
 GET / 307 in 33ms
 GET /login 200 in 31ms
 GET /login 200 in 31ms
 GET / 307 in 33ms
 GET /login 200 in 29ms
 GET / 307 in 40ms
 GET / 307 in 34ms
 GET /login 200 in 30ms
 GET /login 200 in 28ms
 GET / 307 in 29ms
 GET /login 200 in 29ms
 GET / 307 in 32ms
 GET / 307 in 32ms
 GET /login 200 in 31ms
 GET /login 200 in 29ms
 GET / 307 in 33ms
 GET /login 200 in 29ms
 GET / 307 in 36ms
 GET / 307 in 31ms
 GET /login 200 in 32ms
 GET /login 200 in 28ms
 GET / 307 in 33ms
 GET /login 200 in 29ms
 GET / 307 in 33ms
 GET / 307 in 33ms
 GET /login 200 in 28ms
 GET /login 200 in 29ms
 GET / 307 in 35ms
 GET /login 200 in 30ms
 GET / 307 in 35ms
 GET /login 200 in 46ms
 GET / 307 in 49ms
 GET /login 200 in 551ms
 GET / 307 in 815ms
 GET /login 200 in 1841ms
 ○ Compiling /_error ...
 ✓ Compiled /_error in 2s (967 modules)
 GET /_next/static/chunks/app-pages-internals.js 500 in 5279ms
 GET /_next/static/chunks/main-app.js?v=1749999610664 500 in 5079ms
 GET /_next/static/chunks/app/layout.js 500 in 4937ms
 GET /_next/static/chunks/webpack.js?v=1749999610664 500 in 5031ms
 GET /_next/static/chunks/app/login/page.js 500 in 5020ms
 GET /_next/static/css/app/layout.css?v=1749999610664 500 in 5092ms
 GET /_next/static/chunks/webpack.js?v=1749999613168 404 in 2116ms
 GET /_next/static/chunks/app/login/page.js 404 in 2133ms
 GET /_next/static/css/app/layout.css?v=1749999613168 404 in 2128ms
 GET /_next/static/chunks/app-pages-internals.js 404 in 2101ms
 GET /_next/static/chunks/main-app.js?v=1749999613168 404 in 2100ms
 GET /_next/static/chunks/app/layout.js 404 in 2089ms
 GET / 307 in 134ms
 GET / 307 in 109ms
 GET /login 200 in 239ms
 GET /login 200 in 275ms
 GET /_next/static/chunks/app/layout.js 404 in 111ms
 GET /_next/static/chunks/app/login/page.js 404 in 113ms
 GET /_next/static/chunks/main-app.js?v=1749999616624 404 in 119ms
 GET /_next/static/chunks/app-pages-internals.js 404 in 122ms
 GET /_next/static/css/app/layout.css?v=1749999616624 404 in 124ms
 GET / 307 in 127ms
 GET /login 200 in 112ms
 GET /_next/static/chunks/app/layout.js 404 in 82ms
 GET /_next/static/chunks/app-pages-internals.js 404 in 83ms
 GET /_next/static/css/app/layout.css?v=1749999617157 404 in 87ms
 GET /_next/static/chunks/app/login/page.js 404 in 84ms
 GET /_next/static/chunks/main-app.js?v=1749999617157 404 in 83ms
 GET / 307 in 33ms
 GET / 307 in 33ms
 GET /login 200 in 29ms
 GET /login 200 in 32ms
 GET /_next/static/chunks/app-pages-internals.js 404 in 22ms
 GET /_next/static/chunks/main-app.js?v=1749999620529 404 in 20ms
 GET /_next/static/chunks/app/login/page.js 404 in 35ms
 GET /_next/static/css/app/layout.css?v=1749999620529 404 in 34ms
 GET /_next/static/chunks/app/layout.js 404 in 32ms
 GET / 307 in 38ms
 GET /login 200 in 34ms
 GET /_next/static/chunks/main-app.js?v=1749999620865 404 in 20ms
 GET /_next/static/chunks/app/login/page.js 404 in 21ms
 GET /_next/static/chunks/app-pages-internals.js 404 in 34ms
 GET /_next/static/css/app/layout.css?v=1749999620865 404 in 30ms
 GET /_next/static/chunks/app/layout.js 404 in 30ms
 GET / 307 in 35ms
 GET / 307 in 33ms
 GET /login 200 in 32ms
 GET /login 200 in 30ms
 GET /_next/static/chunks/main-app.js?v=1749999624861 404 in 49ms
 GET /_next/static/chunks/app-pages-internals.js 404 in 45ms
 GET /_next/static/chunks/app/layout.js 404 in 42ms
 GET /_next/static/chunks/app/login/page.js 404 in 43ms
 GET /_next/static/css/app/layout.css?v=1749999624861 404 in 43ms
 GET / 307 in 36ms
 GET /login 200 in 32ms
 GET /_next/static/chunks/main-app.js?v=1749999625154 404 in 51ms
 GET /_next/static/chunks/app/login/page.js 404 in 46ms
 GET /_next/static/chunks/app/layout.js 404 in 46ms
 GET /_next/static/css/app/layout.css?v=1749999625154 404 in 41ms
 GET /_next/static/chunks/app-pages-internals.js 404 in 38ms
 GET / 307 in 33ms
 GET / 307 in 36ms
 GET /login 200 in 31ms
 GET /login 200 in 30ms
 GET /_next/static/chunks/app-pages-internals.js 404 in 41ms
 GET /_next/static/chunks/app/login/page.js 404 in 41ms
 GET /_next/static/chunks/app/layout.js 404 in 43ms
 GET /_next/static/chunks/main-app.js?v=1749999629629 404 in 45ms
 GET /_next/static/css/app/layout.css?v=1749999629629 404 in 30ms
 GET / 307 in 34ms
 GET /login 200 in 35ms
 GET /_next/static/chunks/main-app.js?v=1749999629918 404 in 17ms
 GET /_next/static/chunks/app-pages-internals.js 404 in 37ms
 GET /_next/static/chunks/app/login/page.js 404 in 42ms
 GET /_next/static/css/app/layout.css?v=1749999629918 404 in 37ms
 GET /_next/static/chunks/app/layout.js 404 in 28ms
 GET / 307 in 38ms
 GET / 307 in 36ms
 GET /login 200 in 33ms
 GET /login 200 in 32ms
 GET /_next/static/chunks/main-app.js?v=1749999633299 404 in 32ms
 GET /_next/static/chunks/app-pages-internals.js 404 in 33ms
 GET /_next/static/chunks/app/login/page.js 404 in 32ms
 GET /_next/static/chunks/app/layout.js 404 in 22ms
 GET /_next/static/css/app/layout.css?v=1749999633299 404 in 22ms
 GET / 307 in 34ms
 GET /login 200 in 30ms
 GET /_next/static/chunks/app-pages-internals.js 404 in 47ms
 GET /_next/static/chunks/app/login/page.js 404 in 47ms
 GET /_next/static/chunks/main-app.js?v=1749999633607 404 in 46ms
 GET /_next/static/chunks/app/layout.js 404 in 45ms
 GET /_next/static/css/app/layout.css?v=1749999633607 404 in 45ms
 GET / 307 in 37ms
 GET / 307 in 37ms
 GET /login 200 in 33ms
 GET /login 200 in 33ms
 GET /_next/static/css/app/layout.css?v=1749999637761 404 in 41ms
 GET /_next/static/chunks/app-pages-internals.js 404 in 45ms
 GET /_next/static/chunks/main-app.js?v=1749999637761 404 in 48ms
 GET /_next/static/chunks/app/login/page.js 404 in 44ms
 GET /_next/static/chunks/app/layout.js 404 in 43ms
 GET / 307 in 37ms
 GET /login 200 in 35ms
 GET /_next/static/chunks/main-app.js?v=1749999638086 404 in 38ms
 GET /_next/static/chunks/app/login/page.js 404 in 41ms
 GET /_next/static/chunks/app/layout.js 404 in 38ms
 GET /_next/static/chunks/app-pages-internals.js 404 in 37ms
 GET /_next/static/css/app/layout.css?v=1749999638086 404 in 18ms
 GET / 307 in 38ms
 GET / 307 in 39ms
 GET /login 200 in 31ms
 GET /login 200 in 30ms
 GET /_next/static/chunks/main-app.js?v=1749999646608 404 in 42ms
 GET /_next/static/chunks/app-pages-internals.js 404 in 43ms
 GET /_next/static/chunks/app/layout.js 404 in 41ms
 GET /_next/static/chunks/app/login/page.js 404 in 41ms
 GET /_next/static/css/app/layout.css?v=1749999646608 404 in 25ms
 GET / 307 in 35ms
 GET /login 200 in 32ms
 GET /_next/static/chunks/app-pages-internals.js 404 in 32ms
 GET /_next/static/chunks/main-app.js?v=1749999646929 404 in 30ms
 GET /_next/static/chunks/app/login/page.js 404 in 31ms
 GET /_next/static/css/app/layout.css?v=1749999646929 404 in 21ms
 GET /_next/static/chunks/app/layout.js 404 in 25ms
 GET / 307 in 34ms
 GET / 307 in 34ms
 GET /login 200 in 31ms
 GET /login 200 in 33ms
 GET /_next/static/chunks/main-app.js?v=1749999651097 404 in 45ms
 GET /_next/static/chunks/app-pages-internals.js 404 in 47ms
 GET /_next/static/css/app/layout.css?v=1749999651097 404 in 44ms
 GET /_next/static/chunks/app/layout.js 404 in 42ms
 GET /_next/static/chunks/app/login/page.js 404 in 43ms
 GET / 307 in 34ms
 GET /login 200 in 30ms
 GET /_next/static/chunks/app/login/page.js 404 in 38ms
 GET /_next/static/chunks/main-app.js?v=1749999651414 404 in 39ms
 GET /_next/static/css/app/layout.css?v=1749999651414 404 in 35ms
 GET /_next/static/chunks/app-pages-internals.js 404 in 35ms
 GET /_next/static/chunks/app/layout.js 404 in 17ms
 GET / 307 in 36ms
 GET / 307 in 32ms
 GET /login 200 in 33ms
 GET /login 200 in 31ms
 GET /_next/static/chunks/app/layout.js 404 in 33ms
 GET /_next/static/chunks/app-pages-internals.js 404 in 33ms
 GET /_next/static/css/app/layout.css?v=1749999654548 404 in 32ms
 GET /_next/static/chunks/main-app.js?v=1749999654548 404 in 26ms
 GET /_next/static/chunks/app/login/page.js 404 in 26ms
 GET / 307 in 36ms
 GET /login 200 in 34ms
 GET /_next/static/chunks/app-pages-internals.js 404 in 37ms
 GET /_next/static/chunks/app/login/page.js 404 in 36ms
 GET /_next/static/chunks/main-app.js?v=1749999654853 404 in 38ms
 GET /_next/static/chunks/app/layout.js 404 in 34ms
 GET /_next/static/css/app/layout.css?v=1749999654853 404 in 17ms
 GET / 307 in 38ms
 GET / 307 in 34ms
 GET /login 200 in 33ms
 GET /login 200 in 31ms
 GET /_next/static/chunks/app-pages-internals.js 404 in 46ms
 GET /_next/static/chunks/app/login/page.js 404 in 42ms
 GET /_next/static/css/app/layout.css?v=1749999660278 404 in 42ms
 GET /_next/static/chunks/app/layout.js 404 in 46ms
 GET /_next/static/chunks/main-app.js?v=1749999660278 404 in 42ms
 GET / 307 in 32ms
 GET /login 200 in 31ms
 GET /_next/static/chunks/main-app.js?v=1749999660578 404 in 18ms
 GET /_next/static/chunks/app/login/page.js 404 in 30ms
 GET /_next/static/chunks/app-pages-internals.js 404 in 29ms
 GET /_next/static/chunks/app/layout.js 404 in 29ms
 GET /_next/static/css/app/layout.css?v=1749999660578 404 in 21ms
 GET / 404 in 35ms
 GET / 404 in 23ms
 GET / 404 in 22ms
 GET / 404 in 24ms
 GET / 404 in 25ms
 GET / 404 in 22ms
 GET / 404 in 28ms
 GET / 404 in 24ms
 GET / 404 in 25ms
 GET / 404 in 23ms
 GET / 404 in 25ms
 GET / 404 in 23ms
 GET / 404 in 23ms
 GET / 404 in 22ms
 GET / 404 in 22ms
 GET / 404 in 22ms
 GET / 404 in 22ms
 GET / 404 in 23ms
 GET / 404 in 23ms
 GET / 404 in 23ms
 GET / 404 in 69ms
 GET / 404 in 26ms
 GET / 404 in 25ms
 GET / 404 in 25ms
 GET / 404 in 26ms
 GET / 404 in 22ms
 GET / 404 in 23ms
 GET / 404 in 24ms
 GET / 404 in 23ms
 GET / 404 in 24ms
 GET / 404 in 23ms
 GET / 404 in 23ms
 GET / 404 in 25ms
 GET / 404 in 26ms
 GET / 404 in 26ms
 GET / 404 in 27ms
 GET / 404 in 26ms
 GET / 404 in 24ms
 GET / 404 in 24ms
 GET / 404 in 24ms
 GET / 404 in 24ms
 GET / 404 in 25ms
 GET / 404 in 23ms
 GET / 404 in 23ms
 GET / 404 in 24ms
 GET / 404 in 22ms
 GET / 404 in 23ms
 GET / 404 in 22ms
 GET / 404 in 23ms
 GET / 404 in 22ms
 GET / 404 in 22ms
 GET / 404 in 25ms
 GET / 404 in 22ms
 GET / 404 in 24ms
 GET / 404 in 21ms
 GET / 404 in 23ms
 GET / 404 in 22ms
 GET / 404 in 21ms
 GET / 404 in 23ms
 GET / 404 in 23ms
 GET / 404 in 22ms
 GET / 404 in 23ms
 GET / 404 in 24ms
 GET / 404 in 22ms
 GET / 404 in 23ms
 GET / 404 in 22ms
 GET / 404 in 23ms
 GET / 404 in 23ms
 GET / 404 in 22ms
 GET / 404 in 21ms
 GET / 404 in 24ms
 GET / 404 in 22ms
 GET / 404 in 22ms
 GET / 404 in 23ms
 GET / 404 in 22ms
 GET / 404 in 21ms
 GET / 404 in 23ms
 GET / 404 in 23ms
 GET / 404 in 24ms
 GET / 404 in 27ms
 GET / 404 in 27ms
 GET / 404 in 28ms
 GET / 404 in 22ms
 GET / 404 in 22ms
 GET / 404 in 22ms
 GET / 404 in 23ms
 GET / 404 in 23ms
 GET / 404 in 21ms
 GET / 404 in 23ms
 GET / 404 in 26ms
 GET / 404 in 24ms
 GET / 404 in 22ms
 GET / 404 in 26ms
 GET / 404 in 22ms
 GET / 404 in 22ms
 GET / 404 in 21ms
 GET / 404 in 22ms
 GET / 404 in 22ms
 GET / 404 in 22ms
 GET / 404 in 23ms
 GET / 404 in 22ms
 GET / 404 in 22ms
 GET / 404 in 22ms
 GET / 404 in 22ms
 GET / 404 in 21ms
 GET / 404 in 21ms
 GET / 404 in 21ms
 GET / 404 in 22ms
 GET / 404 in 22ms
 GET / 404 in 22ms
 GET / 404 in 23ms
 GET / 404 in 24ms
 GET / 404 in 27ms
 GET / 404 in 23ms
 GET / 404 in 22ms
 GET / 404 in 21ms
 GET / 404 in 23ms
 GET / 404 in 21ms
 GET / 404 in 24ms
 GET / 404 in 23ms
 GET / 404 in 23ms
 GET / 404 in 22ms
 GET / 404 in 23ms
 GET / 404 in 22ms
 GET / 404 in 24ms
 GET / 404 in 21ms
 GET / 404 in 24ms
 GET / 404 in 24ms
 GET / 404 in 23ms
 GET / 404 in 23ms
 GET / 404 in 25ms
 GET / 404 in 23ms
 GET / 404 in 25ms
 GET / 404 in 25ms
 GET / 404 in 26ms
 GET / 404 in 25ms
 GET / 404 in 25ms
 GET / 404 in 27ms
 GET / 404 in 25ms
 GET / 404 in 25ms
 GET / 404 in 40ms
 GET / 404 in 24ms
 GET / 404 in 29ms
 GET / 404 in 24ms
 GET / 404 in 22ms
 GET / 404 in 24ms
 GET / 404 in 24ms
 GET / 404 in 23ms
 GET / 404 in 23ms
 GET / 404 in 21ms
 GET / 404 in 22ms
 GET / 404 in 25ms
 GET / 404 in 24ms
 GET / 404 in 24ms
 GET / 404 in 23ms
 GET / 404 in 23ms
 GET / 404 in 23ms
 GET / 404 in 23ms
 GET / 404 in 23ms
 GET / 404 in 24ms
 GET / 404 in 25ms
 GET / 404 in 23ms
 GET / 404 in 22ms
 GET / 404 in 23ms
 GET / 404 in 23ms
 GET / 404 in 23ms
 GET / 404 in 26ms
 GET / 404 in 27ms
 GET / 404 in 24ms
 GET / 404 in 27ms
 GET / 404 in 25ms
 GET / 404 in 23ms
 GET / 404 in 31ms
 GET / 404 in 23ms
 GET / 404 in 25ms
 GET / 404 in 23ms
 GET / 404 in 23ms
 GET / 404 in 22ms
 GET / 404 in 27ms
 GET / 404 in 24ms
 GET / 404 in 23ms
 GET / 404 in 25ms
 GET / 404 in 24ms
 GET / 404 in 25ms
 GET / 404 in 25ms
 GET / 404 in 26ms
 GET / 404 in 26ms
 GET / 404 in 24ms
 GET / 404 in 25ms
 GET / 404 in 22ms
 GET / 404 in 23ms
 GET / 404 in 25ms
 GET / 404 in 23ms
 GET / 404 in 23ms
 GET / 404 in 23ms
 GET / 404 in 22ms
 GET / 404 in 25ms
 GET / 404 in 27ms
 GET / 404 in 22ms
 GET / 404 in 31ms
 GET / 404 in 23ms
 GET / 404 in 21ms
 GET / 404 in 23ms
 GET / 404 in 29ms
 GET / 404 in 24ms
 GET / 404 in 23ms
 GET / 404 in 25ms
 GET / 404 in 25ms
 GET / 404 in 23ms
 GET / 404 in 23ms
 GET / 404 in 23ms
 GET / 404 in 23ms
 GET / 404 in 24ms
 GET / 404 in 22ms
 GET / 404 in 25ms
 GET / 404 in 27ms
 GET / 404 in 27ms
 GET / 404 in 23ms
 GET / 404 in 22ms
 GET / 404 in 22ms
 GET / 404 in 28ms
 GET / 404 in 24ms
 GET / 404 in 24ms
 GET / 404 in 22ms
 GET / 404 in 26ms
 GET / 404 in 22ms
 GET / 404 in 22ms
 GET / 404 in 22ms
 GET / 404 in 24ms
 GET / 404 in 23ms
 GET / 404 in 22ms
 GET / 404 in 25ms
 GET / 404 in 23ms
 GET / 404 in 24ms
 GET / 404 in 21ms
 GET / 404 in 23ms
 GET / 404 in 24ms
 GET / 404 in 23ms
 GET / 404 in 25ms
 GET / 404 in 22ms
 GET / 404 in 22ms
 GET / 404 in 22ms
 GET / 404 in 21ms
 GET / 404 in 23ms
 GET / 404 in 23ms
 GET / 404 in 22ms
 GET / 404 in 27ms
 GET / 404 in 24ms
 GET / 404 in 23ms
 GET / 404 in 24ms
 GET / 404 in 22ms
 GET / 404 in 23ms
 GET / 404 in 22ms
 GET / 404 in 25ms
 GET / 404 in 22ms
 GET / 404 in 22ms
 GET / 404 in 22ms
 GET / 404 in 23ms
 GET / 404 in 24ms
 GET / 404 in 22ms
 GET / 404 in 24ms
 GET / 404 in 22ms
 GET / 404 in 22ms
 GET / 404 in 22ms
 GET / 404 in 23ms
 GET / 404 in 24ms
 GET / 404 in 22ms
 GET / 404 in 23ms
 GET / 404 in 23ms
 GET / 404 in 22ms
 GET / 404 in 22ms
 GET / 404 in 22ms
 GET / 404 in 21ms
 GET / 404 in 22ms
 GET / 404 in 23ms
 GET / 404 in 21ms
 GET / 404 in 21ms
 GET / 404 in 21ms
 GET / 404 in 23ms
 GET / 404 in 23ms
 GET / 404 in 25ms
 GET / 404 in 22ms
 GET / 404 in 22ms
 GET / 404 in 24ms
 GET / 404 in 21ms
 GET / 404 in 24ms
 GET / 404 in 25ms
 GET / 404 in 24ms
 GET / 404 in 22ms
 GET / 404 in 24ms
 GET / 404 in 25ms
 GET / 404 in 22ms
 GET / 404 in 23ms
 GET / 404 in 21ms
 GET / 404 in 27ms
 GET / 404 in 28ms
 GET / 404 in 22ms
 GET / 404 in 21ms
 GET / 404 in 21ms
 GET / 404 in 23ms
 GET / 404 in 21ms
 GET / 404 in 21ms
 GET / 404 in 23ms
 GET / 404 in 22ms
 GET / 404 in 22ms
 GET / 404 in 26ms
 GET / 404 in 22ms
 GET / 404 in 21ms
 GET / 404 in 23ms
 GET / 404 in 22ms
 GET / 404 in 22ms
 GET / 404 in 23ms
 GET / 404 in 23ms
 GET / 404 in 22ms
 GET / 404 in 23ms
 GET / 404 in 23ms
 GET / 404 in 37ms
 GET / 404 in 23ms
 GET / 404 in 21ms
 GET / 404 in 23ms
 GET / 404 in 24ms
 GET / 404 in 24ms
 GET / 404 in 26ms
 GET / 404 in 23ms
 GET / 404 in 27ms
 GET / 404 in 21ms
 GET / 404 in 21ms
 GET / 404 in 23ms
 GET / 404 in 23ms
 GET / 404 in 22ms
 GET / 404 in 23ms
 GET / 404 in 23ms
 GET / 404 in 22ms
 GET / 404 in 22ms
 GET / 404 in 24ms
 GET / 404 in 23ms
 GET / 404 in 24ms
 GET / 404 in 36ms
 GET / 404 in 24ms
 GET / 404 in 30ms
 GET / 404 in 23ms
 GET / 404 in 23ms
 GET / 404 in 22ms
 GET / 404 in 27ms
 GET / 404 in 22ms
 GET / 404 in 23ms
 GET / 404 in 21ms
 GET / 404 in 23ms
 GET / 404 in 22ms
 GET / 404 in 22ms
 GET / 404 in 22ms
 GET / 404 in 23ms
 GET / 404 in 27ms
 GET / 404 in 21ms
 GET / 404 in 21ms
 GET / 404 in 23ms
 GET / 404 in 22ms
 GET / 404 in 22ms
 GET / 404 in 23ms
 GET / 404 in 29ms
 GET / 404 in 33ms
 GET / 404 in 22ms
 GET / 404 in 20ms
 GET / 404 in 20ms
 GET / 404 in 22ms
 GET / 404 in 22ms
 GET / 404 in 21ms
 GET / 404 in 21ms
 GET / 404 in 22ms
 GET / 404 in 22ms
 GET / 404 in 24ms
 GET / 404 in 20ms
 GET / 404 in 21ms
 GET / 404 in 20ms
 GET / 404 in 21ms
 GET / 404 in 22ms
 GET / 404 in 22ms
 GET / 404 in 21ms
 GET / 404 in 22ms
 GET / 404 in 22ms
 GET / 404 in 23ms
 GET / 404 in 22ms
 GET / 404 in 21ms
 GET / 404 in 22ms
 GET / 404 in 23ms
 GET / 404 in 22ms
 GET / 404 in 24ms
 GET / 404 in 22ms
 GET / 404 in 23ms
 GET / 404 in 21ms
 GET / 404 in 21ms
 GET / 404 in 23ms
 GET / 404 in 23ms
 GET / 404 in 20ms
 GET / 404 in 20ms
 GET / 404 in 23ms
 GET / 404 in 23ms
 GET / 404 in 23ms
 GET / 404 in 23ms
 GET / 404 in 20ms
 GET / 404 in 22ms
 GET / 404 in 20ms
 GET / 404 in 21ms
 GET / 404 in 21ms
 GET / 404 in 22ms
 GET / 404 in 22ms
 GET / 404 in 22ms
 GET / 404 in 21ms
 GET / 404 in 22ms
 GET / 404 in 22ms
 GET / 404 in 22ms
 GET / 404 in 21ms
 GET / 404 in 22ms
 GET / 404 in 22ms
 GET / 404 in 21ms
 GET / 404 in 24ms
 GET / 404 in 21ms
 GET / 404 in 20ms
 GET / 404 in 21ms
 GET / 404 in 21ms
 GET / 404 in 24ms
 GET / 404 in 22ms
 GET / 404 in 21ms
 GET / 404 in 21ms
 GET / 404 in 20ms
 GET / 404 in 21ms
 GET / 404 in 20ms
 GET / 404 in 23ms
 GET / 404 in 23ms
 GET / 404 in 22ms
 GET / 404 in 21ms
 GET / 404 in 21ms
 GET / 404 in 20ms
 GET / 404 in 24ms
 GET / 404 in 21ms
 GET / 404 in 22ms
 GET / 404 in 20ms
 GET / 404 in 27ms
 GET / 404 in 21ms
 GET / 404 in 21ms
 GET / 404 in 20ms
 GET / 404 in 22ms
 GET / 404 in 20ms
 GET / 404 in 21ms
 GET / 404 in 23ms
 GET / 404 in 21ms
 GET / 404 in 21ms
 GET / 404 in 21ms
 GET / 404 in 22ms
 GET / 404 in 20ms
 GET / 404 in 21ms
 GET / 404 in 22ms
 GET / 404 in 22ms
 GET / 404 in 22ms
 GET / 404 in 24ms
 GET / 404 in 22ms
 GET / 404 in 21ms
 GET / 404 in 22ms
 GET / 404 in 21ms
 GET / 404 in 20ms
 GET / 404 in 20ms
 GET / 404 in 21ms
 GET / 404 in 21ms
 GET / 404 in 21ms
 GET / 404 in 21ms
 GET / 404 in 21ms
 GET / 404 in 23ms
 GET / 404 in 21ms
 GET / 404 in 21ms
 GET / 404 in 21ms
 GET / 404 in 21ms
 GET / 404 in 21ms
 GET / 404 in 22ms
 GET / 404 in 22ms
 GET / 404 in 22ms
 GET / 404 in 22ms
 GET / 404 in 24ms
 GET / 404 in 25ms
 GET / 404 in 23ms
 GET / 404 in 20ms
 GET / 404 in 20ms
 GET / 404 in 33ms
 GET / 404 in 26ms
 GET / 404 in 24ms
 GET / 404 in 23ms
 GET / 404 in 23ms
 GET / 404 in 23ms
 GET / 404 in 22ms
 GET / 404 in 22ms
 GET / 404 in 23ms
 GET / 404 in 21ms
 GET / 404 in 21ms
 GET / 404 in 21ms
 GET / 404 in 22ms
 GET / 404 in 23ms
 GET / 404 in 21ms
 GET / 404 in 22ms
 GET / 404 in 21ms
 GET / 404 in 21ms
 GET / 404 in 21ms
 GET / 404 in 21ms
 GET / 404 in 20ms
 GET / 404 in 22ms
 GET / 404 in 20ms
 GET / 404 in 21ms
 GET / 404 in 22ms
 GET / 404 in 22ms
 GET / 404 in 23ms
 GET / 404 in 22ms
 GET / 404 in 20ms
 GET / 404 in 22ms
 GET / 404 in 21ms
 GET / 404 in 22ms
 GET / 404 in 20ms
 GET / 404 in 22ms
 GET / 404 in 20ms
 GET / 404 in 21ms
 GET / 404 in 21ms
 GET / 404 in 21ms
 GET / 404 in 22ms
 GET / 404 in 22ms
 GET / 404 in 21ms
 GET / 404 in 22ms
 GET / 404 in 22ms
 GET / 404 in 21ms
 GET / 404 in 20ms
 GET / 404 in 22ms
 GET / 404 in 21ms
 GET / 404 in 21ms
 GET / 404 in 21ms
 GET / 404 in 22ms
 GET / 404 in 24ms
 GET / 404 in 24ms
 GET / 404 in 25ms
 GET / 404 in 24ms
 GET / 404 in 28ms
 GET / 404 in 21ms
 GET / 404 in 20ms
 GET / 404 in 24ms
 GET / 404 in 22ms
 GET / 404 in 23ms
 GET / 404 in 21ms
 GET / 404 in 23ms
 GET / 404 in 26ms
 GET / 404 in 26ms
 GET / 404 in 22ms
 GET / 404 in 29ms
 GET / 404 in 29ms
 GET / 404 in 25ms
 GET / 404 in 24ms
 GET / 404 in 25ms
 GET / 404 in 22ms
 GET / 404 in 21ms
 GET / 404 in 20ms
 GET / 404 in 24ms
 GET / 404 in 37ms
 GET / 404 in 54ms
 GET / 404 in 27ms
 GET / 404 in 31ms
 GET / 404 in 24ms
 GET / 404 in 25ms
 GET / 404 in 24ms
 GET / 404 in 23ms
 GET / 404 in 22ms
 GET / 404 in 22ms
 GET / 404 in 25ms
 GET / 404 in 25ms
 GET / 404 in 21ms
 GET / 404 in 25ms
 GET / 404 in 21ms
 GET / 404 in 21ms
 GET / 404 in 21ms
 GET / 404 in 21ms
 GET / 404 in 22ms
 GET / 404 in 20ms
 GET / 404 in 22ms
 GET / 404 in 25ms
 GET / 404 in 21ms
 GET / 404 in 21ms
 GET / 404 in 21ms
 GET / 404 in 21ms
 GET / 404 in 21ms
 GET / 404 in 23ms
 GET / 404 in 23ms
 GET / 404 in 24ms
 GET / 404 in 23ms
 GET / 404 in 23ms
 GET / 404 in 24ms
 GET / 404 in 23ms
 GET / 404 in 22ms
 GET / 404 in 24ms
 GET / 404 in 24ms
 GET / 404 in 26ms
 GET / 404 in 24ms
 GET / 404 in 26ms
 GET / 404 in 29ms
 GET / 404 in 23ms
 GET / 404 in 25ms
 GET / 404 in 24ms
 GET / 404 in 28ms
 GET / 404 in 22ms
 GET / 404 in 22ms
 GET / 404 in 25ms
 GET / 404 in 22ms
 GET / 404 in 22ms
 GET / 404 in 24ms
 GET / 404 in 22ms
 GET / 404 in 27ms
 GET / 404 in 51ms
 GET / 404 in 22ms
 GET / 404 in 23ms
 GET / 404 in 31ms
 GET / 404 in 26ms
 GET / 404 in 29ms
 GET / 404 in 27ms
 GET / 404 in 24ms
 GET / 404 in 22ms
 GET / 404 in 23ms
 GET / 404 in 23ms
 GET / 404 in 24ms
 GET / 404 in 26ms
 GET / 404 in 27ms
 GET / 404 in 22ms
 GET / 404 in 25ms
 GET / 404 in 25ms
 GET / 404 in 32ms
 GET / 404 in 25ms
 GET / 404 in 25ms
 GET / 404 in 23ms
 GET / 404 in 24ms
 GET / 404 in 25ms
 GET / 404 in 26ms
 GET / 404 in 25ms
 GET / 404 in 26ms
 GET / 404 in 27ms
 GET / 404 in 24ms
 GET / 404 in 27ms
 GET / 404 in 33ms
 GET / 404 in 25ms
 GET / 404 in 22ms
 GET / 404 in 24ms
 GET / 404 in 27ms
 GET / 404 in 25ms
 GET / 404 in 31ms
 GET / 404 in 23ms
 GET / 404 in 21ms
 GET / 404 in 21ms
 GET / 404 in 22ms
 GET / 404 in 22ms
 GET / 404 in 21ms
 GET / 404 in 27ms
 GET / 404 in 24ms
 GET / 404 in 27ms
 GET / 404 in 28ms
 GET / 404 in 39ms
 GET / 404 in 27ms
 GET / 404 in 23ms
 GET / 404 in 24ms
 GET / 404 in 23ms
 GET / 404 in 52ms
 GET / 404 in 23ms
 GET / 404 in 31ms
 GET / 404 in 27ms
 GET / 404 in 38ms
 GET / 404 in 35ms
 GET / 404 in 32ms
 GET / 404 in 24ms
 GET / 404 in 25ms
 GET / 404 in 33ms
 GET / 404 in 29ms
 GET / 404 in 25ms
 GET / 404 in 25ms
 GET / 404 in 30ms
 GET / 404 in 27ms
 GET / 404 in 26ms
 GET / 404 in 31ms
 GET / 404 in 47ms
 GET / 404 in 53ms
 GET / 404 in 25ms
 GET / 404 in 26ms
 GET / 404 in 55ms
 GET / 404 in 60ms
 GET / 404 in 25ms
 GET / 404 in 26ms
 GET / 404 in 37ms
 GET / 404 in 37ms
 GET / 404 in 26ms
 GET / 404 in 27ms
 GET / 404 in 41ms
 GET / 404 in 36ms
 GET / 404 in 25ms
 GET / 404 in 25ms
 GET / 404 in 65ms
 GET / 404 in 64ms
 GET / 404 in 40ms
 GET / 404 in 35ms
 GET / 404 in 37ms
 GET / 404 in 28ms
 GET / 404 in 41ms
 GET / 404 in 24ms
 GET / 404 in 43ms
 GET / 404 in 38ms
 GET / 404 in 38ms
 GET / 404 in 27ms
 GET / 404 in 27ms
 GET / 404 in 26ms
 GET / 404 in 25ms
 GET / 404 in 24ms
 GET / 404 in 27ms
 GET / 404 in 23ms
 GET / 404 in 23ms
 GET / 404 in 23ms
 GET / 404 in 27ms
 GET / 404 in 24ms
 GET / 404 in 22ms
 GET / 404 in 23ms
 GET / 404 in 23ms
 GET / 404 in 23ms
 GET / 404 in 23ms
 GET / 404 in 23ms
 GET / 404 in 24ms
 GET / 404 in 27ms
 GET / 404 in 26ms
 GET / 404 in 23ms
 GET / 404 in 22ms
 GET / 404 in 26ms
 GET / 404 in 23ms
 GET / 404 in 33ms
 GET / 404 in 23ms
 GET / 404 in 23ms
 GET / 404 in 23ms
 GET / 404 in 23ms
 GET / 404 in 24ms
 GET / 404 in 23ms
 GET / 404 in 23ms
 GET / 404 in 26ms
 GET / 404 in 23ms
 GET / 404 in 21ms
 GET / 404 in 23ms
 GET / 404 in 23ms
 GET / 404 in 23ms
 GET / 404 in 22ms
 GET / 404 in 25ms
 GET / 404 in 24ms
 GET / 404 in 26ms
 GET / 404 in 23ms
 GET / 404 in 22ms
 GET / 404 in 23ms
 GET / 404 in 23ms
 GET / 404 in 25ms
 GET / 404 in 23ms
 GET / 404 in 24ms
 GET / 404 in 24ms
 GET / 404 in 22ms
 GET / 404 in 22ms
 GET / 404 in 23ms
 GET / 404 in 23ms
 GET / 404 in 22ms
 GET / 404 in 23ms
 GET / 404 in 24ms
 GET / 404 in 23ms
 GET / 404 in 24ms
 GET / 404 in 25ms
 GET / 404 in 26ms
 GET / 404 in 23ms
 GET / 404 in 25ms
 GET / 404 in 23ms
 GET / 404 in 24ms
 GET / 404 in 21ms
 GET / 404 in 23ms
 GET / 404 in 24ms
 GET / 404 in 24ms
 GET / 404 in 26ms
 GET / 404 in 23ms
 GET / 404 in 23ms
 GET / 404 in 27ms
 GET / 404 in 22ms
 GET / 404 in 23ms
 GET / 404 in 22ms
 GET / 404 in 23ms
 GET / 404 in 24ms
 GET / 404 in 24ms
 GET / 404 in 25ms
 GET / 404 in 23ms
 GET / 404 in 22ms
 GET / 404 in 24ms
 GET / 404 in 23ms
 GET / 404 in 23ms
 GET / 404 in 22ms
 GET / 404 in 23ms
 GET / 404 in 26ms
 GET / 404 in 23ms
 GET / 404 in 24ms
 GET / 404 in 23ms
 GET / 404 in 24ms
 GET / 404 in 24ms
 GET / 404 in 26ms
 GET / 404 in 24ms
 GET / 404 in 22ms
 GET / 404 in 22ms
 GET / 404 in 22ms
 GET / 404 in 24ms
 GET / 404 in 23ms
 GET / 404 in 23ms
 GET / 404 in 22ms
 GET / 404 in 22ms
 GET / 404 in 26ms
 GET / 404 in 25ms
 GET / 404 in 24ms
 GET / 404 in 23ms
 GET / 404 in 30ms
 GET / 404 in 23ms
 GET / 404 in 30ms
 GET / 404 in 25ms
 GET / 404 in 30ms
 GET / 404 in 24ms
 GET / 404 in 26ms
 GET / 404 in 24ms
 GET / 404 in 25ms
 GET / 404 in 24ms
 GET / 404 in 25ms
 GET / 404 in 24ms
 GET / 404 in 26ms
 GET / 404 in 25ms
 GET / 404 in 26ms
 GET / 404 in 25ms
 GET / 404 in 23ms
 GET / 404 in 24ms
 GET / 404 in 23ms
 GET / 404 in 24ms
 GET / 404 in 27ms
 GET / 404 in 24ms
 GET / 404 in 24ms
 GET / 404 in 24ms
 GET / 404 in 24ms
 GET / 404 in 26ms
 GET / 404 in 24ms
 GET / 404 in 25ms
 GET / 404 in 27ms
 GET / 404 in 23ms
 GET / 404 in 24ms
 GET / 404 in 23ms
 GET / 404 in 24ms
 GET / 404 in 22ms
 GET / 404 in 24ms
 GET / 404 in 24ms
 GET / 404 in 25ms
 GET / 404 in 25ms
 GET / 404 in 25ms
 GET / 404 in 24ms
 GET / 404 in 23ms
 GET / 404 in 27ms
 GET / 404 in 26ms
 GET / 404 in 26ms
 GET / 404 in 26ms
 GET / 404 in 26ms
 GET / 404 in 24ms
 GET / 404 in 36ms
 GET / 404 in 25ms
 GET / 404 in 24ms
 GET / 404 in 26ms
 GET / 404 in 24ms
 GET / 404 in 25ms
 GET / 404 in 22ms
 GET / 404 in 23ms
 GET / 404 in 23ms
 GET / 404 in 23ms
 GET / 404 in 25ms
 GET / 404 in 24ms
 GET / 404 in 28ms
 GET / 404 in 30ms
 GET / 404 in 27ms
 GET / 404 in 25ms
 GET / 404 in 25ms
 GET / 404 in 22ms
 GET / 404 in 27ms
 GET / 404 in 24ms
 GET / 404 in 24ms
 GET / 404 in 26ms
 GET / 404 in 23ms
 GET / 404 in 23ms
 GET / 404 in 24ms
 GET / 404 in 25ms
 GET / 404 in 24ms
 GET / 404 in 22ms
 GET / 404 in 26ms
 GET / 404 in 25ms
 GET / 404 in 23ms
 GET / 404 in 22ms
 GET / 404 in 25ms
 GET / 404 in 23ms
 GET / 404 in 23ms
 GET / 404 in 22ms
 GET / 404 in 24ms
 GET / 404 in 26ms
 GET / 404 in 23ms
 GET / 404 in 23ms
 GET / 404 in 25ms
 GET / 404 in 26ms
 GET / 404 in 23ms
 GET / 404 in 23ms
 GET / 404 in 25ms
 GET / 404 in 27ms
 GET / 404 in 23ms
 GET / 404 in 22ms
 GET / 404 in 24ms
 GET / 404 in 23ms
 GET / 404 in 22ms
 GET / 404 in 22ms
 GET / 404 in 23ms
 GET / 404 in 25ms
 GET / 404 in 22ms
 GET / 404 in 23ms
 GET / 404 in 27ms
 GET / 404 in 25ms
 GET / 404 in 23ms
 GET / 404 in 25ms
 GET / 404 in 24ms
 GET / 404 in 26ms
 GET / 404 in 25ms
 GET / 404 in 23ms
 GET / 404 in 23ms
 GET / 404 in 23ms
 GET / 404 in 24ms
 GET / 404 in 23ms
 GET / 404 in 25ms
 GET / 404 in 28ms
 GET / 404 in 25ms
 GET / 404 in 25ms
 GET / 404 in 23ms
 GET / 404 in 26ms
 GET / 404 in 22ms
 GET / 404 in 23ms
 GET / 404 in 24ms
 GET / 404 in 24ms
 GET / 404 in 23ms
 GET / 404 in 23ms
 GET / 404 in 22ms
 GET / 404 in 23ms
 GET / 404 in 23ms
 GET / 404 in 22ms
 GET / 404 in 23ms
 GET / 404 in 27ms
 GET / 404 in 28ms
 GET / 404 in 27ms
 GET / 404 in 25ms
 GET / 404 in 22ms
 GET / 404 in 26ms
 GET / 404 in 22ms
 GET / 404 in 24ms
 GET / 404 in 24ms
 GET / 404 in 23ms
 GET / 404 in 23ms
 GET / 404 in 23ms
 GET / 404 in 24ms
 GET / 404 in 23ms
 GET / 404 in 24ms
 GET / 404 in 23ms
 GET / 404 in 24ms
 GET / 404 in 25ms
 GET / 404 in 22ms
 GET / 404 in 24ms
 GET / 404 in 24ms
 GET / 404 in 23ms
 GET / 404 in 23ms
 GET / 404 in 24ms
 GET / 404 in 25ms
 GET / 404 in 23ms
 GET / 404 in 25ms
 GET / 404 in 27ms
 GET / 404 in 28ms
 GET / 404 in 23ms
 GET / 404 in 24ms
 GET / 404 in 23ms
 GET / 404 in 32ms
 GET / 404 in 25ms
 GET / 404 in 28ms
 GET / 404 in 25ms
 GET / 404 in 23ms
 GET / 404 in 25ms
 GET / 404 in 23ms
 GET / 404 in 23ms
 GET / 404 in 25ms
 GET / 404 in 25ms
 GET / 404 in 22ms
 GET / 404 in 24ms
 GET / 404 in 23ms
 GET / 404 in 23ms
 GET / 404 in 26ms
 GET / 404 in 25ms
 GET / 404 in 27ms
 GET / 404 in 22ms
 GET / 404 in 25ms
 GET / 404 in 23ms
 GET / 404 in 25ms
 GET / 404 in 23ms
 GET / 404 in 23ms
 GET / 404 in 23ms
 GET / 404 in 24ms
 GET / 404 in 22ms
 GET / 404 in 24ms
 GET / 404 in 24ms
 GET / 404 in 22ms
 GET / 404 in 23ms
 GET / 404 in 25ms
 GET / 404 in 25ms
 GET / 404 in 27ms
 GET / 404 in 24ms
 GET / 404 in 27ms
 GET / 404 in 23ms
 GET / 404 in 27ms
 GET / 404 in 24ms
 GET / 404 in 24ms
 GET / 404 in 27ms
 GET / 404 in 26ms
 GET / 404 in 35ms
 GET / 404 in 24ms
 GET / 404 in 23ms
 GET / 404 in 25ms
 GET / 404 in 26ms
 GET / 404 in 25ms
 GET / 404 in 24ms
 GET / 404 in 25ms
 GET / 404 in 22ms
 GET / 404 in 24ms
 GET / 404 in 23ms
 GET / 404 in 23ms
 GET / 404 in 24ms
 GET / 404 in 25ms
 GET / 404 in 23ms
 GET / 404 in 26ms
 GET / 404 in 23ms
 GET / 404 in 24ms
 GET / 404 in 24ms
 GET / 404 in 23ms
 GET / 404 in 24ms
 GET / 404 in 24ms
 GET / 404 in 24ms
 GET / 404 in 24ms
 GET / 404 in 23ms
 GET / 404 in 27ms
 GET / 404 in 23ms
 GET / 404 in 23ms
 GET / 404 in 23ms
 GET / 404 in 24ms
 GET / 404 in 24ms
 GET / 404 in 24ms
 GET / 404 in 25ms
 GET / 404 in 25ms
 GET / 404 in 25ms
 GET / 404 in 25ms
 GET / 404 in 25ms
 GET / 404 in 24ms
 GET / 404 in 27ms
 GET / 404 in 25ms
 GET / 404 in 23ms
 GET / 404 in 22ms
 GET / 404 in 24ms
 GET / 404 in 22ms
 GET / 404 in 23ms
 GET / 404 in 27ms
 GET / 404 in 26ms
 GET / 404 in 22ms
 GET / 404 in 25ms
 GET / 404 in 22ms
 GET / 404 in 23ms
 GET / 404 in 23ms
 GET / 404 in 22ms
 GET / 404 in 23ms
 GET / 404 in 26ms
 GET / 404 in 24ms
 GET / 404 in 24ms
 GET / 404 in 25ms
 GET / 404 in 25ms
 GET / 404 in 24ms
 GET / 404 in 28ms
 GET / 404 in 27ms
 GET / 404 in 26ms
 GET / 404 in 26ms
 GET / 404 in 27ms
 GET / 404 in 26ms
 GET / 404 in 26ms
 GET / 404 in 23ms
 GET / 404 in 23ms
 GET / 404 in 25ms
 GET / 404 in 23ms
 GET / 404 in 22ms
 GET / 404 in 29ms
 GET / 404 in 23ms
 GET / 404 in 22ms
 GET / 404 in 27ms
 GET / 404 in 22ms
 GET / 404 in 23ms
 GET / 404 in 27ms
 GET / 404 in 25ms
 GET / 404 in 25ms
 GET / 404 in 25ms
 GET / 404 in 26ms
 GET / 404 in 26ms
 GET / 404 in 27ms
 GET / 404 in 26ms
 GET / 404 in 25ms
 GET / 404 in 24ms
 GET / 404 in 25ms
 GET / 404 in 22ms
 GET / 404 in 25ms
 GET / 404 in 24ms
 GET / 404 in 22ms
 GET / 404 in 24ms
 GET / 404 in 23ms
 GET / 404 in 26ms
 GET / 404 in 27ms
 GET / 404 in 26ms
 GET / 404 in 25ms
 GET / 404 in 24ms
 GET / 404 in 24ms
 GET / 404 in 23ms
 GET / 404 in 27ms
 GET / 404 in 27ms
 GET / 404 in 23ms
 GET / 404 in 23ms
 GET / 404 in 24ms
 GET / 404 in 22ms
 GET / 404 in 25ms
 GET / 404 in 23ms
 GET / 404 in 23ms
 GET / 404 in 25ms
 GET / 404 in 26ms
 GET / 404 in 23ms
 GET / 404 in 23ms
 GET / 404 in 24ms
 GET / 404 in 22ms
 GET / 404 in 42ms
 GET / 404 in 26ms
 GET / 404 in 24ms
 GET / 404 in 24ms
 GET / 404 in 24ms
 GET / 404 in 23ms
 GET / 404 in 23ms
 GET / 404 in 23ms
 GET / 404 in 21ms
 GET / 404 in 23ms
 GET / 404 in 24ms
 GET / 404 in 23ms
 GET / 404 in 25ms
 GET / 404 in 24ms
 GET / 404 in 64ms
 GET / 404 in 27ms
 GET / 404 in 25ms
 GET / 404 in 23ms
 GET / 404 in 24ms
 GET / 404 in 23ms
 GET / 404 in 23ms
 GET / 404 in 24ms
 GET / 404 in 24ms
 GET / 404 in 25ms
 GET / 404 in 27ms
 GET / 404 in 30ms
 GET / 404 in 28ms
 GET / 404 in 28ms
 GET / 404 in 27ms
 GET / 404 in 27ms
 GET / 404 in 26ms
 GET / 404 in 28ms
 GET / 404 in 26ms
 GET / 404 in 27ms
 GET / 404 in 24ms
 GET / 404 in 27ms
 GET / 404 in 27ms
 GET / 404 in 27ms
 GET / 404 in 24ms
 GET / 404 in 24ms
 GET / 404 in 22ms
 GET / 404 in 27ms
 GET / 404 in 26ms
 GET / 404 in 26ms
 GET / 404 in 24ms
 GET / 404 in 24ms
 GET / 404 in 22ms
 GET / 404 in 22ms
 GET / 404 in 23ms
 GET / 404 in 26ms
 GET / 404 in 23ms
 GET / 404 in 24ms
 GET / 404 in 23ms
 GET / 404 in 23ms
 GET / 404 in 23ms
 GET / 404 in 27ms
 GET / 404 in 24ms
 GET / 404 in 26ms
 GET / 404 in 26ms
 GET / 404 in 24ms
 GET / 404 in 29ms
 GET / 404 in 26ms
 GET / 404 in 26ms
 GET / 404 in 26ms
 GET / 404 in 27ms
 GET / 404 in 28ms
 GET / 404 in 26ms
 GET / 404 in 26ms
 GET / 404 in 27ms
 GET / 404 in 23ms
 GET / 404 in 26ms
 GET / 404 in 22ms
 GET / 404 in 24ms
 GET / 404 in 24ms
 GET / 404 in 24ms
 GET / 404 in 22ms
 GET / 404 in 22ms
 GET / 404 in 24ms
 GET / 404 in 25ms
 GET / 404 in 24ms
 GET / 404 in 25ms
 GET / 404 in 28ms
 GET / 404 in 28ms
 GET / 404 in 28ms
 GET / 404 in 30ms
 GET / 404 in 27ms
 GET / 404 in 27ms
 GET / 404 in 28ms
 GET / 404 in 30ms
 GET / 404 in 30ms
 GET / 404 in 28ms
 GET / 404 in 23ms
 GET / 404 in 24ms
 GET / 404 in 26ms
 GET / 404 in 25ms
 GET / 404 in 21ms
 GET / 404 in 24ms
 GET / 404 in 24ms
 GET / 404 in 25ms
 GET / 404 in 26ms
 GET / 404 in 23ms
 GET / 404 in 24ms
 GET / 404 in 24ms
 GET / 404 in 27ms
 GET / 404 in 26ms
 GET / 404 in 26ms
 GET / 404 in 23ms
 GET / 404 in 24ms
 GET / 404 in 23ms
 GET / 404 in 23ms
 GET / 404 in 25ms
 GET / 404 in 29ms
 GET / 404 in 22ms
 GET / 404 in 25ms
 GET / 404 in 25ms
 GET / 404 in 23ms
 GET / 404 in 26ms
 GET / 404 in 23ms
 GET / 404 in 27ms
 GET / 404 in 25ms
 GET / 404 in 25ms
 GET / 404 in 29ms
 GET / 404 in 26ms
 GET / 404 in 24ms
 GET / 404 in 23ms
 GET / 404 in 25ms
 GET / 404 in 25ms
 GET / 404 in 23ms
 GET / 404 in 22ms
 GET / 404 in 22ms
 GET / 404 in 24ms
 GET / 404 in 23ms
 GET / 404 in 25ms
 GET / 404 in 22ms
 GET / 404 in 24ms
 GET / 404 in 23ms
 GET / 404 in 22ms
 GET / 404 in 26ms
 GET / 404 in 22ms
 GET / 404 in 23ms
 GET / 404 in 26ms
 GET / 404 in 23ms
 GET / 404 in 24ms
 GET / 404 in 23ms
 GET / 404 in 27ms
 GET / 404 in 27ms
 GET / 404 in 27ms
 GET / 404 in 29ms
 GET / 404 in 25ms
 GET / 404 in 22ms
 GET / 404 in 23ms
 GET / 404 in 26ms
 GET / 404 in 24ms
 GET / 404 in 22ms
 GET / 404 in 22ms
 GET / 404 in 24ms
 GET / 404 in 23ms
 GET / 404 in 23ms
 GET / 404 in 23ms
 GET / 404 in 24ms
 GET / 404 in 23ms
 GET / 404 in 24ms
 GET / 404 in 22ms
 GET / 404 in 24ms
 GET / 404 in 23ms
 GET / 404 in 22ms
 GET / 404 in 22ms
 GET / 404 in 22ms
 GET / 404 in 24ms
 GET / 404 in 22ms
 GET / 404 in 24ms
 GET / 404 in 24ms
 GET / 404 in 23ms
 GET / 404 in 23ms
 GET / 404 in 24ms
 GET / 404 in 25ms
 GET / 404 in 24ms
 GET / 404 in 21ms
 GET / 404 in 22ms
 GET / 404 in 26ms
 GET / 404 in 29ms
 GET / 404 in 22ms
 GET / 404 in 25ms
 GET / 404 in 24ms
 GET / 404 in 26ms
 GET / 404 in 33ms
 GET / 404 in 23ms
 GET / 404 in 25ms
 GET / 404 in 28ms
 GET / 404 in 30ms
 GET / 404 in 25ms
 GET / 404 in 26ms
 GET / 404 in 28ms
 GET / 404 in 25ms
 GET / 404 in 27ms
 GET / 404 in 25ms
 GET / 404 in 21ms
 GET / 404 in 25ms
 GET / 404 in 29ms
 GET / 404 in 25ms
 GET / 404 in 24ms
 GET / 404 in 23ms
 GET / 404 in 24ms
 GET / 404 in 27ms
 GET / 404 in 26ms
 GET / 404 in 26ms
 GET / 404 in 28ms
 GET / 404 in 24ms
 GET / 404 in 25ms
 GET / 404 in 23ms
 GET / 404 in 22ms
 GET / 404 in 26ms
 GET / 404 in 25ms
 GET / 404 in 23ms
 GET / 404 in 23ms
 GET / 404 in 23ms
 GET / 404 in 26ms
 GET / 404 in 25ms
 GET / 404 in 24ms
 GET / 404 in 24ms
 GET / 404 in 22ms
 GET / 404 in 25ms
 GET / 404 in 23ms
 GET / 404 in 23ms
 GET / 404 in 24ms
 GET / 404 in 24ms
 GET / 404 in 22ms
 GET / 404 in 22ms
 GET / 404 in 22ms
 GET / 404 in 25ms
 GET / 404 in 25ms
 GET / 404 in 26ms
 GET / 404 in 25ms
 GET / 404 in 26ms
 GET / 404 in 23ms
 GET / 404 in 31ms
 GET / 404 in 24ms
 GET / 404 in 25ms
 GET / 404 in 22ms
 GET / 404 in 23ms
 GET / 404 in 21ms
 GET / 404 in 22ms
 GET / 404 in 24ms
 GET / 404 in 23ms
 GET / 404 in 24ms
 GET / 404 in 25ms
 GET / 404 in 27ms
 GET / 404 in 24ms
 GET / 404 in 28ms
 GET / 404 in 32ms
 GET / 404 in 25ms
 GET / 404 in 25ms
 GET / 404 in 24ms
 GET / 404 in 27ms
 GET / 404 in 25ms
 GET / 404 in 25ms
 GET / 404 in 24ms
 GET / 404 in 28ms
 GET / 404 in 28ms
 GET / 404 in 25ms
 ✓ Compiled in 684ms (954 modules)
