/bin/bash: line 1: yarn install,: command not found
Login error: TypeError: Cannot read properties of undefined (reading 'findUnique')
    at POST (/home/ubuntu/em-interview-prep/.next/server/app/api/auth/login/route.js:163:77)
    at process.processTicksAndRejections (node:internal/process/task_queues:105:5)
    at async /home/ubuntu/em-interview-prep/node_modules/next/dist/compiled/next-server/app-route.runtime.dev.js:6:57228
    at async eT.execute (/home/ubuntu/em-interview-prep/node_modules/next/dist/compiled/next-server/app-route.runtime.dev.js:6:46851)
    at async eT.handle (/home/ubuntu/em-interview-prep/node_modules/next/dist/compiled/next-server/app-route.runtime.dev.js:6:58760)
    at async doRender (/home/ubuntu/em-interview-prep/node_modules/next/dist/server/base-server.js:1366:42)
    at async cacheEntry.responseCache.get.routeKind (/home/ubuntu/em-interview-prep/node_modules/next/dist/server/base-server.js:1588:28)
    at async DevServer.renderToResponseWithComponentsImpl (/home/ubuntu/em-interview-prep/node_modules/next/dist/server/base-server.js:1496:28)
    at async DevServer.renderPageComponent (/home/ubuntu/em-interview-prep/node_modules/next/dist/server/base-server.js:1924:24)
    at async DevServer.renderToResponseImpl (/home/ubuntu/em-interview-prep/node_modules/next/dist/server/base-server.js:1962:32)
    at async DevServer.pipeImpl (/home/ubuntu/em-interview-prep/node_modules/next/dist/server/base-server.js:922:25)
    at async NextNodeServer.handleCatchallRenderRequest (/home/ubuntu/em-interview-prep/node_modules/next/dist/server/next-server.js:272:17)
    at async DevServer.handleRequestImpl (/home/ubuntu/em-interview-prep/node_modules/next/dist/server/base-server.js:818:17)
    at async /home/ubuntu/em-interview-prep/node_modules/next/dist/server/dev/next-dev-server.js:339:20
    at async Span.traceAsyncFn (/home/ubuntu/em-interview-prep/node_modules/next/dist/trace/trace.js:154:20)
    at async DevServer.handleRequest (/home/ubuntu/em-interview-prep/node_modules/next/dist/server/dev/next-dev-server.js:336:24)
    at async invokeRender (/home/ubuntu/em-interview-prep/node_modules/next/dist/server/lib/router-server.js:178:21)
    at async handleRequest (/home/ubuntu/em-interview-prep/node_modules/next/dist/server/lib/router-server.js:355:24)
    at async requestHandlerImpl (/home/ubuntu/em-interview-prep/node_modules/next/dist/server/lib/router-server.js:379:13)
    at async Server.requestListener (/home/ubuntu/em-interview-prep/node_modules/next/dist/server/lib/start-server.js:141:13)
Registration error: TypeError: Cannot read properties of undefined (reading 'findUnique')
    at POST (/home/ubuntu/em-interview-prep/.next/server/app/api/auth/register/route.js:171:85)
    at process.processTicksAndRejections (node:internal/process/task_queues:105:5)
    at async /home/ubuntu/em-interview-prep/node_modules/next/dist/compiled/next-server/app-route.runtime.dev.js:6:57228
    at async eT.execute (/home/ubuntu/em-interview-prep/node_modules/next/dist/compiled/next-server/app-route.runtime.dev.js:6:46851)
    at async eT.handle (/home/ubuntu/em-interview-prep/node_modules/next/dist/compiled/next-server/app-route.runtime.dev.js:6:58760)
    at async doRender (/home/ubuntu/em-interview-prep/node_modules/next/dist/server/base-server.js:1366:42)
    at async cacheEntry.responseCache.get.routeKind (/home/ubuntu/em-interview-prep/node_modules/next/dist/server/base-server.js:1588:28)
    at async DevServer.renderToResponseWithComponentsImpl (/home/ubuntu/em-interview-prep/node_modules/next/dist/server/base-server.js:1496:28)
    at async DevServer.renderPageComponent (/home/ubuntu/em-interview-prep/node_modules/next/dist/server/base-server.js:1924:24)
    at async DevServer.renderToResponseImpl (/home/ubuntu/em-interview-prep/node_modules/next/dist/server/base-server.js:1962:32)
    at async DevServer.pipeImpl (/home/ubuntu/em-interview-prep/node_modules/next/dist/server/base-server.js:922:25)
    at async NextNodeServer.handleCatchallRenderRequest (/home/ubuntu/em-interview-prep/node_modules/next/dist/server/next-server.js:272:17)
    at async DevServer.handleRequestImpl (/home/ubuntu/em-interview-prep/node_modules/next/dist/server/base-server.js:818:17)
    at async /home/ubuntu/em-interview-prep/node_modules/next/dist/server/dev/next-dev-server.js:339:20
    at async Span.traceAsyncFn (/home/ubuntu/em-interview-prep/node_modules/next/dist/trace/trace.js:154:20)
    at async DevServer.handleRequest (/home/ubuntu/em-interview-prep/node_modules/next/dist/server/dev/next-dev-server.js:336:24)
    at async invokeRender (/home/ubuntu/em-interview-prep/node_modules/next/dist/server/lib/router-server.js:178:21)
    at async handleRequest (/home/ubuntu/em-interview-prep/node_modules/next/dist/server/lib/router-server.js:355:24)
    at async requestHandlerImpl (/home/ubuntu/em-interview-prep/node_modules/next/dist/server/lib/router-server.js:379:13)
    at async Server.requestListener (/home/ubuntu/em-interview-prep/node_modules/next/dist/server/lib/start-server.js:141:13)
