  ▲ Next.js 14.2.28
  - Local:        http://localhost:3000
  - Environments: .env
  - Experiments (use with caution):
    · outputFileTracingRoot

 ✓ Starting...
 ✓ Ready in 2s
 ○ Compiling / ...
 ✓ Compiled / in 2.9s (547 modules)
 GET / 307 in 3289ms
 GET / 307 in 3335ms
 ✓ Compiled in 477ms (267 modules)
 ✓ Compiled /login in 458ms (549 modules)
 GET /login 200 in 492ms
 GET /login 200 in 607ms
 GET / 307 in 504ms
 GET /login 200 in 28ms
 GET / 307 in 29ms
 GET / 307 in 26ms
 GET /login 200 in 26ms
 GET / 307 in 44ms
 GET / 307 in 40ms
 GET /login 200 in 27ms
 GET /login 200 in 24ms
 GET / 307 in 27ms
 GET /login 200 in 24ms
 ✓ Compiled in 22ms
 ✓ Compiled in 94ms (214 modules)
[?25h
