  ▲ Next.js 14.2.28
  - Local:        http://localhost:3000
  - Environments: .env
  - Experiments (use with caution):
    · outputFileTracingRoot

 ✓ Starting...
Attention: Next.js now collects completely anonymous telemetry regarding usage.
This information is used to shape Next.js' roadmap and prioritize features.
You can learn more, including how to opt-out if you'd not like to participate in this anonymous program, by visiting the following URL:
https://nextjs.org/telemetry

 ✓ Ready in 3s
 ○ Compiling / ...
 ✓ Compiled / in 5.4s (534 modules)
 GET / 307 in 5865ms
 ✓ Compiled in 457ms (267 modules)
 ○ Compiling /login ...
 ✓ Compiled /login in 2.4s (536 modules)
 GET /login 200 in 2635ms
 GET / 307 in 72ms
 GET /login 200 in 53ms
 ✓ Compiled /_not-found in 197ms (539 modules)
 GET /api/companies 404 in 252ms
 ✓ Compiled /api/companies/with-questions in 264ms (305 modules)
 GET /api/companies/with-questions 200 in 506ms
 ✓ Compiled in 320ms (278 modules)
 ✓ Compiled in 294ms (276 modules)
 ✓ Compiled in 260ms (276 modules)
 ✓ Compiled in 333ms (276 modules)
 ✓ Compiled in 302ms (276 modules)
 ✓ Compiled in 274ms (276 modules)
 ✓ Compiled in 326ms (276 modules)
 ✓ Compiled in 287ms (276 modules)
[?25h
