  ▲ Next.js 14.2.28
  - Local:        http://localhost:3000
  - Environments: .env
  - Experiments (use with caution):
    · outputFileTracingRoot

 ✓ Starting...
Attention: Next.js now collects completely anonymous telemetry regarding usage.
This information is used to shape Next.js' roadmap and prioritize features.
You can learn more, including how to opt-out if you'd not like to participate in this anonymous program, by visiting the following URL:
https://nextjs.org/telemetry

 ✓ Ready in 1239ms
 ○ Compiling /_not-found ...
 ✓ Compiled / in 5.1s (550 modules)
 GET / 307 in 4961ms
 ✓ Compiled /login in 826ms (552 modules)
 GET /login 200 in 16ms
 GET /_next/static/webpack/3894d07241b6857f.webpack.hot-update.json 404 in 6074ms
 GET /login 200 in 613ms
 GET /login 200 in 47ms
 ○ Compiling /dashboard ...
 ✓ Compiled /dashboard in 717ms (735 modules)
 GET /dashboard 307 in 791ms
 GET /login 200 in 31ms
[?25h
