  ▲ Next.js 14.2.28
  - Local:        http://localhost:3000
  - Environments: .env
  - Experiments (use with caution):
    · outputFileTracingRoot

 ✓ Starting...
Attention: Next.js now collects completely anonymous telemetry regarding usage.
This information is used to shape Next.js' roadmap and prioritize features.
You can learn more, including how to opt-out if you'd not like to participate in this anonymous program, by visiting the following URL:
https://nextjs.org/telemetry

 ✓ Ready in 1494ms
 ○ Compiling / ...
 ✓ Compiled / in 3.4s (547 modules)
 GET / 307 in 3874ms
 ○ Compiling /login ...
 ✓ Compiled /login in 3.3s (549 modules)
 GET /login 200 in 3002ms
 ✓ Compiled /api/seed in 201ms (314 modules)
Starting database seed...
Admin user created
Regular user created
Companies created
Questions created
User stories created
Database seeded successfully!
 POST /api/seed 200 in 1248ms
 GET / 307 in 65ms
 GET / 307 in 59ms
 GET /login 200 in 49ms
 ✓ Compiled in 217ms (578 modules)
[?25h
